# JRE version: Java(TM) SE Runtime Environment (8.0_121-b13) (build 1.8.0_121-b13)
# Java VM: Java HotSpot(TM) 64-Bit Server VM (25.121-b13 mixed mode linux-amd64 compressed oops)
Heap:
 PSYoungGen      total 309248K, used 123055K [0x00000000e1780000, 0x00000000f4680000, 0x0000000100000000)
  eden space 308224K, 39% used [0x00000000e1780000,0x00000000e8f9bfb0,0x00000000f4480000)
  from space 1024K, 6% used [0x00000000f4580000,0x00000000f4590000,0x00000000f4680000)
  to   space 1024K, 0% used [0x00000000f4480000,0x00000000f4480000,0x00000000f4580000)
 ParOldGen       total 62976K, used 496K [0x00000000a4600000, 0x00000000a8380000, 0x00000000e1780000)
  object space 62976K, 0% used [0x00000000a4600000,0x00000000a467c070,0x00000000a8380000)
 Metaspace       used 3449K, capacity 4564K, committed 4864K, reserved 1056768K
  class space    used 367K, capacity 388K, committed 512K, reserved 1048576K
GC Heap History (10 events):
Event: 0.881 GC heap before
{Heap before GC invocations=6 (full 0):
 PSYoungGen      total 51712K, used 48624K [0x00000000e1780000, 0x00000000e7780000, 0x0000000100000000)
  eden space 48128K, 100% used [0x00000000e1780000,0x00000000e4680000,0x00000000e4680000)
  from space 3584K, 13% used [0x00000000e4680000,0x00000000e46fc030,0x00000000e4a00000)
  to   space 1024K, 0% used [0x00000000e7680000,0x00000000e7680000,0x00000000e7780000)
 ParOldGen       total 62976K, used 24K [0x00000000a4600000, 0x00000000a8380000, 0x00000000e1780000)
  object space 62976K, 0% used [0x00000000a4600000,0x00000000a4606000,0x00000000a8380000)
 Metaspace       used 3421K, capacity 4500K, committed 4864K, reserved 1056768K
  class space    used 367K, capacity 388K, committed 512K, reserved 1048576K
Event: 0.884 GC heap after
Heap after GC invocations=6 (full 0):
 PSYoungGen      total 97280K, used 496K [0x00000000e1780000, 0x00000000e7780000, 0x0000000100000000)
  eden space 96256K, 0% used [0x00000000e1780000,0x00000000e1780000,0x00000000e7580000)
  from space 1024K, 48% used [0x00000000e7680000,0x00000000e76fc010,0x00000000e7780000)
  to   space 1024K, 0% used [0x00000000e7580000,0x00000000e7580000,0x00000000e7680000)
 ParOldGen       total 62976K, used 24K [0x00000000a4600000, 0x00000000a8380000, 0x00000000e1780000)
  object space 62976K, 0% used [0x00000000a4600000,0x00000000a4606000,0x00000000a8380000)
 Metaspace       used 3421K, capacity 4500K, committed 4864K, reserved 1056768K
  class space    used 367K, capacity 388K, committed 512K, reserved 1048576K
}
Event: 1.027 GC heap before
{Heap before GC invocations=7 (full 0):
 PSYoungGen      total 97280K, used 96752K [0x00000000e1780000, 0x00000000e7780000, 0x0000000100000000)
  eden space 96256K, 100% used [0x00000000e1780000,0x00000000e7580000,0x00000000e7580000)
  from space 1024K, 48% used [0x00000000e7680000,0x00000000e76fc010,0x00000000e7780000)
  to   space 1024K, 0% used [0x00000000e7580000,0x00000000e7580000,0x00000000e7680000)
 ParOldGen       total 62976K, used 24K [0x00000000a4600000, 0x00000000a8380000, 0x00000000e1780000)
  object space 62976K, 0% used [0x00000000a4600000,0x00000000a4606000,0x00000000a8380000)
 Metaspace       used 3432K, capacity 4500K, committed 4864K, reserved 1056768K
  class space    used 367K, capacity 388K, committed 512K, reserved 1048576K
Event: 1.030 GC heap after
Heap after GC invocations=7 (full 0):
 PSYoungGen      total 97280K, used 64K [0x00000000e1780000, 0x00000000ed580000, 0x0000000100000000)
  eden space 96256K, 0% used [0x00000000e1780000,0x00000000e1780000,0x00000000e7580000)
  from space 1024K, 6% used [0x00000000e7580000,0x00000000e7590000,0x00000000e7680000)
  to   space 1024K, 0% used [0x00000000ed480000,0x00000000ed480000,0x00000000ed580000)
 ParOldGen       total 62976K, used 448K [0x00000000a4600000, 0x00000000a8380000, 0x00000000e1780000)
  object space 62976K, 0% used [0x00000000a4600000,0x00000000a4670070,0x00000000a8380000)
 Metaspace       used 3432K, capacity 4500K, committed 4864K, reserved 1056768K
  class space    used 367K, capacity 388K, committed 512K, reserved 1048576K
}
Event: 1.147 GC heap before
{Heap before GC invocations=8 (full 0):
 PSYoungGen      total 97280K, used 96320K [0x00000000e1780000, 0x00000000ed580000, 0x0000000100000000)
  eden space 96256K, 100% used [0x00000000e1780000,0x00000000e7580000,0x00000000e7580000)
  from space 1024K, 6% used [0x00000000e7580000,0x00000000e7590000,0x00000000e7680000)
  to   space 1024K, 0% used [0x00000000ed480000,0x00000000ed480000,0x00000000ed580000)
 ParOldGen       total 62976K, used 448K [0x00000000a4600000, 0x00000000a8380000, 0x00000000e1780000)
  object space 62976K, 0% used [0x00000000a4600000,0x00000000a4670070,0x00000000a8380000)
 Metaspace       used 3432K, capacity 4500K, committed 4864K, reserved 1056768K
  class space    used 367K, capacity 388K, committed 512K, reserved 1048576K
Event: 1.148 GC heap after
Heap after GC invocations=8 (full 0):
 PSYoungGen      total 193536K, used 64K [0x00000000e1780000, 0x00000000ed580000, 0x0000000100000000)
  eden space 192512K, 0% used [0x00000000e1780000,0x00000000e1780000,0x00000000ed380000)
  from space 1024K, 6% used [0x00000000ed480000,0x00000000ed490000,0x00000000ed580000)
  to   space 1024K, 0% used [0x00000000ed380000,0x00000000ed380000,0x00000000ed480000)
 ParOldGen       total 62976K, used 456K [0x00000000a4600000, 0x00000000a8380000, 0x00000000e1780000)
  object space 62976K, 0% used [0x00000000a4600000,0x00000000a4672070,0x00000000a8380000)
 Metaspace       used 3432K, capacity 4500K, committed 4864K, reserved 1056768K
  class space    used 367K, capacity 388K, committed 512K, reserved 1048576K
}
Event: 1.669 GC heap before
{Heap before GC invocations=9 (full 0):
 PSYoungGen      total 193536K, used 192576K [0x00000000e1780000, 0x00000000ed580000, 0x0000000100000000)
  eden space 192512K, 100% used [0x00000000e1780000,0x00000000ed380000,0x00000000ed380000)
  from space 1024K, 6% used [0x00000000ed480000,0x00000000ed490000,0x00000000ed580000)
  to   space 1024K, 0% used [0x00000000ed380000,0x00000000ed380000,0x00000000ed480000)
 ParOldGen       total 62976K, used 456K [0x00000000a4600000, 0x00000000a8380000, 0x00000000e1780000)
  object space 62976K, 0% used [0x00000000a4600000,0x00000000a4672070,0x00000000a8380000)
 Metaspace       used 3432K, capacity 4500K, committed 4864K, reserved 1056768K
  class space    used 367K, capacity 388K, committed 512K, reserved 1048576K
Event: 1.670 GC heap after
Heap after GC invocations=9 (full 0):
 PSYoungGen      total 193536K, used 64K [0x00000000e1780000, 0x00000000f4680000, 0x0000000100000000)
  eden space 192512K, 0% used [0x00000000e1780000,0x00000000e1780000,0x00000000ed380000)
  from space 1024K, 6% used [0x00000000ed380000,0x00000000ed390000,0x00000000ed480000)
  to   space 1024K, 0% used [0x00000000f4580000,0x00000000f4580000,0x00000000f4680000)
 ParOldGen       total 62976K, used 472K [0x00000000a4600000, 0x00000000a8380000, 0x00000000e1780000)
  object space 62976K, 0% used [0x00000000a4600000,0x00000000a4676070,0x00000000a8380000)
 Metaspace       used 3432K, capacity 4500K, committed 4864K, reserved 1056768K
  class space    used 367K, capacity 388K, committed 512K, reserved 1048576K
}
Event: 1.931 GC heap before
{Heap before GC invocations=10 (full 0):
 PSYoungGen      total 193536K, used 192576K [0x00000000e1780000, 0x00000000f4680000, 0x0000000100000000)
  eden space 192512K, 100% used [0x00000000e1780000,0x00000000ed380000,0x00000000ed380000)
  from space 1024K, 6% used [0x00000000ed380000,0x00000000ed390000,0x00000000ed480000)
  to   space 1024K, 0% used [0x00000000f4580000,0x00000000f4580000,0x00000000f4680000)
 ParOldGen       total 62976K, used 472K [0x00000000a4600000, 0x00000000a8380000, 0x00000000e1780000)
  object space 62976K, 0% used [0x00000000a4600000,0x00000000a4676070,0x00000000a8380000)
 Metaspace       used 3449K, capacity 4564K, committed 4864K, reserved 1056768K
  class space    used 367K, capacity 388K, committed 512K, reserved 1048576K
Event: 1.932 GC heap after
Heap after GC invocations=10 (full 0):
 PSYoungGen      total 309248K, used 64K [0x00000000e1780000, 0x00000000f4680000, 0x0000000100000000)
  eden space 308224K, 0% used [0x00000000e1780000,0x00000000e1780000,0x00000000f4480000)
  from space 1024K, 6% used [0x00000000f4580000,0x00000000f4590000,0x00000000f4680000)
  to   space 1024K, 0% used [0x00000000f4480000,0x00000000f4480000,0x00000000f4580000)
 ParOldGen       total 62976K, used 496K [0x00000000a4600000, 0x00000000a8380000, 0x00000000e1780000)
  object space 62976K, 0% used [0x00000000a4600000,0x00000000a467c070,0x00000000a8380000)
 Metaspace       used 3449K, capacity 4564K, committed 4864K, reserved 1056768K
  class space    used 367K, capacity 388K, committed 512K, reserved 1048576K
}

