# JRE version: Java(TM) SE Runtime Environment (8.0_121-b13) (build 1.8.0_121-b13)
# Java VM: Java HotSpot(TM) 64-Bit Server VM (25.121-b13 mixed mode linux-amd64 compressed oops)
Heap:
 PSYoungGen      total 184832K, used 143372K [0x00000000e1780000, 0x00000000f4600000, 0x0000000100000000)
  eden space 184320K, 77% used [0x00000000e1780000,0x00000000ea3732a8,0x00000000ecb80000)
  from space 512K, 12% used [0x00000000f4580000,0x00000000f4590000,0x00000000f4600000)
  to   space 1024K, 0% used [0x00000000f4400000,0x00000000f4400000,0x00000000f4500000)
 ParOldGen       total 62976K, used 504K [0x00000000a4600000, 0x00000000a8380000, 0x00000000e1780000)
  object space 62976K, 0% used [0x00000000a4600000,0x00000000a467e070,0x00000000a8380000)
 Metaspace       used 3446K, capacity 4564K, committed 4864K, reserved 1056768K
  class space    used 367K, capacity 388K, committed 512K, reserved 1048576K
GC Heap History (10 events):
Event: 1.124 GC heap before
{Heap before GC invocations=6 (full 0):
 PSYoungGen      total 51712K, used 48592K [0x00000000e1780000, 0x00000000e7680000, 0x0000000100000000)
  eden space 48128K, 100% used [0x00000000e1780000,0x00000000e4680000,0x00000000e4680000)
  from space 3584K, 12% used [0x00000000e4680000,0x00000000e46f4010,0x00000000e4a00000)
  to   space 512K, 0% used [0x00000000e7600000,0x00000000e7600000,0x00000000e7680000)
 ParOldGen       total 62976K, used 16K [0x00000000a4600000, 0x00000000a8380000, 0x00000000e1780000)
  object space 62976K, 0% used [0x00000000a4600000,0x00000000a4604000,0x00000000a8380000)
 Metaspace       used 3419K, capacity 4500K, committed 4864K, reserved 1056768K
  class space    used 367K, capacity 388K, committed 512K, reserved 1048576K
Event: 1.127 GC heap after
Heap after GC invocations=6 (full 0):
 PSYoungGen      total 96768K, used 464K [0x00000000e1780000, 0x00000000e7680000, 0x0000000100000000)
  eden space 96256K, 0% used [0x00000000e1780000,0x00000000e1780000,0x00000000e7580000)
  from space 512K, 90% used [0x00000000e7600000,0x00000000e7674010,0x00000000e7680000)
  to   space 512K, 0% used [0x00000000e7580000,0x00000000e7580000,0x00000000e7600000)
 ParOldGen       total 62976K, used 16K [0x00000000a4600000, 0x00000000a8380000, 0x00000000e1780000)
  object space 62976K, 0% used [0x00000000a4600000,0x00000000a4604000,0x00000000a8380000)
 Metaspace       used 3419K, capacity 4500K, committed 4864K, reserved 1056768K
  class space    used 367K, capacity 388K, committed 512K, reserved 1048576K
}
Event: 1.284 GC heap before
{Heap before GC invocations=7 (full 0):
 PSYoungGen      total 96768K, used 96720K [0x00000000e1780000, 0x00000000e7680000, 0x0000000100000000)
  eden space 96256K, 100% used [0x00000000e1780000,0x00000000e7580000,0x00000000e7580000)
  from space 512K, 90% used [0x00000000e7600000,0x00000000e7674010,0x00000000e7680000)
  to   space 512K, 0% used [0x00000000e7580000,0x00000000e7580000,0x00000000e7600000)
 ParOldGen       total 62976K, used 16K [0x00000000a4600000, 0x00000000a8380000, 0x00000000e1780000)
  object space 62976K, 0% used [0x00000000a4600000,0x00000000a4604000,0x00000000a8380000)
 Metaspace       used 3430K, capacity 4500K, committed 4864K, reserved 1056768K
  class space    used 367K, capacity 388K, committed 512K, reserved 1048576K
Event: 1.287 GC heap after
Heap after GC invocations=7 (full 0):
 PSYoungGen      total 96768K, used 64K [0x00000000e1780000, 0x00000000ed580000, 0x0000000100000000)
  eden space 96256K, 0% used [0x00000000e1780000,0x00000000e1780000,0x00000000e7580000)
  from space 512K, 12% used [0x00000000e7580000,0x00000000e7590000,0x00000000e7600000)
  to   space 1024K, 0% used [0x00000000ed480000,0x00000000ed480000,0x00000000ed580000)
 ParOldGen       total 62976K, used 456K [0x00000000a4600000, 0x00000000a8380000, 0x00000000e1780000)
  object space 62976K, 0% used [0x00000000a4600000,0x00000000a4672070,0x00000000a8380000)
 Metaspace       used 3430K, capacity 4500K, committed 4864K, reserved 1056768K
  class space    used 367K, capacity 388K, committed 512K, reserved 1048576K
}
Event: 1.464 GC heap before
{Heap before GC invocations=8 (full 0):
 PSYoungGen      total 96768K, used 96320K [0x00000000e1780000, 0x00000000ed580000, 0x0000000100000000)
  eden space 96256K, 100% used [0x00000000e1780000,0x00000000e7580000,0x00000000e7580000)
  from space 512K, 12% used [0x00000000e7580000,0x00000000e7590000,0x00000000e7600000)
  to   space 1024K, 0% used [0x00000000ed480000,0x00000000ed480000,0x00000000ed580000)
 ParOldGen       total 62976K, used 456K [0x00000000a4600000, 0x00000000a8380000, 0x00000000e1780000)
  object space 62976K, 0% used [0x00000000a4600000,0x00000000a4672070,0x00000000a8380000)
 Metaspace       used 3430K, capacity 4500K, committed 4864K, reserved 1056768K
  class space    used 367K, capacity 388K, committed 512K, reserved 1048576K
Event: 1.465 GC heap after
Heap after GC invocations=8 (full 0):
 PSYoungGen      total 193536K, used 64K [0x00000000e1780000, 0x00000000ed580000, 0x0000000100000000)
  eden space 192512K, 0% used [0x00000000e1780000,0x00000000e1780000,0x00000000ed380000)
  from space 1024K, 6% used [0x00000000ed480000,0x00000000ed490000,0x00000000ed580000)
  to   space 1024K, 0% used [0x00000000ed380000,0x00000000ed380000,0x00000000ed480000)
 ParOldGen       total 62976K, used 472K [0x00000000a4600000, 0x00000000a8380000, 0x00000000e1780000)
  object space 62976K, 0% used [0x00000000a4600000,0x00000000a4676070,0x00000000a8380000)
 Metaspace       used 3430K, capacity 4500K, committed 4864K, reserved 1056768K
  class space    used 367K, capacity 388K, committed 512K, reserved 1048576K
}
Event: 1.962 GC heap before
{Heap before GC invocations=9 (full 0):
 PSYoungGen      total 193536K, used 192576K [0x00000000e1780000, 0x00000000ed580000, 0x0000000100000000)
  eden space 192512K, 100% used [0x00000000e1780000,0x00000000ed380000,0x00000000ed380000)
  from space 1024K, 6% used [0x00000000ed480000,0x00000000ed490000,0x00000000ed580000)
  to   space 1024K, 0% used [0x00000000ed380000,0x00000000ed380000,0x00000000ed480000)
 ParOldGen       total 62976K, used 472K [0x00000000a4600000, 0x00000000a8380000, 0x00000000e1780000)
  object space 62976K, 0% used [0x00000000a4600000,0x00000000a4676070,0x00000000a8380000)
 Metaspace       used 3431K, capacity 4564K, committed 4864K, reserved 1056768K
  class space    used 367K, capacity 388K, committed 512K, reserved 1048576K
Event: 1.963 GC heap after
Heap after GC invocations=9 (full 0):
 PSYoungGen      total 193536K, used 64K [0x00000000e1780000, 0x00000000f4680000, 0x0000000100000000)
  eden space 192512K, 0% used [0x00000000e1780000,0x00000000e1780000,0x00000000ed380000)
  from space 1024K, 6% used [0x00000000ed380000,0x00000000ed390000,0x00000000ed480000)
  to   space 1024K, 0% used [0x00000000f4580000,0x00000000f4580000,0x00000000f4680000)
 ParOldGen       total 62976K, used 488K [0x00000000a4600000, 0x00000000a8380000, 0x00000000e1780000)
  object space 62976K, 0% used [0x00000000a4600000,0x00000000a467a070,0x00000000a8380000)
 Metaspace       used 3431K, capacity 4564K, committed 4864K, reserved 1056768K
  class space    used 367K, capacity 388K, committed 512K, reserved 1048576K
}
Event: 2.429 GC heap before
{Heap before GC invocations=10 (full 0):
 PSYoungGen      total 193536K, used 192576K [0x00000000e1780000, 0x00000000f4680000, 0x0000000100000000)
  eden space 192512K, 100% used [0x00000000e1780000,0x00000000ed380000,0x00000000ed380000)
  from space 1024K, 6% used [0x00000000ed380000,0x00000000ed390000,0x00000000ed480000)
  to   space 1024K, 0% used [0x00000000f4580000,0x00000000f4580000,0x00000000f4680000)
 ParOldGen       total 62976K, used 488K [0x00000000a4600000, 0x00000000a8380000, 0x00000000e1780000)
  object space 62976K, 0% used [0x00000000a4600000,0x00000000a467a070,0x00000000a8380000)
 Metaspace       used 3446K, capacity 4564K, committed 4864K, reserved 1056768K
  class space    used 367K, capacity 388K, committed 512K, reserved 1048576K
Event: 2.430 GC heap after
Heap after GC invocations=10 (full 0):
 PSYoungGen      total 184832K, used 64K [0x00000000e1780000, 0x00000000f4600000, 0x0000000100000000)
  eden space 184320K, 0% used [0x00000000e1780000,0x00000000e1780000,0x00000000ecb80000)
  from space 512K, 12% used [0x00000000f4580000,0x00000000f4590000,0x00000000f4600000)
  to   space 1024K, 0% used [0x00000000f4400000,0x00000000f4400000,0x00000000f4500000)
 ParOldGen       total 62976K, used 504K [0x00000000a4600000, 0x00000000a8380000, 0x00000000e1780000)
  object space 62976K, 0% used [0x00000000a4600000,0x00000000a467e070,0x00000000a8380000)
 Metaspace       used 3446K, capacity 4564K, committed 4864K, reserved 1056768K
  class space    used 367K, capacity 388K, committed 512K, reserved 1048576K
}

