# JRE version: Java(TM) SE Runtime Environment (8.0_121-b13) (build 1.8.0_121-b13)
# Java VM: Java HotSpot(TM) 64-Bit Server VM (25.121-b13 mixed mode linux-amd64 compressed oops)
Heap:
 PSYoungGen      total 334336K, used 134207K [0x00000000e1780000, 0x00000000fed00000, 0x0000000100000000)
  eden space 332800K, 39% used [0x00000000e1780000,0x00000000e997fe38,0x00000000f5c80000)
  from space 1536K, 70% used [0x00000000fe580000,0x00000000fe690000,0x00000000fe700000)
  to   space 4096K, 0% used [0x00000000fe900000,0x00000000fe900000,0x00000000fed00000)
 ParOldGen       total 62976K, used 8291K [0x00000000a4600000, 0x00000000a8380000, 0x00000000e1780000)
  object space 62976K, 13% used [0x00000000a4600000,0x00000000a4e18dd0,0x00000000a8380000)
 Metaspace       used 3670K, capacity 4602K, committed 4864K, reserved 1056768K
  class space    used 402K, capacity 426K, committed 512K, reserved 1048576K
GC Heap History (10 events):
Event: 28.773 GC heap before
{Heap before GC invocations=17 (full 0):
 PSYoungGen      total 422912K, used 422720K [0x00000000e1780000, 0x00000000ff600000, 0x0000000100000000)
  eden space 421888K, 100% used [0x00000000e1780000,0x00000000fb380000,0x00000000fb380000)
  from space 1024K, 81% used [0x00000000ff500000,0x00000000ff5d0000,0x00000000ff600000)
  to   space 5120K, 0% used [0x00000000fec00000,0x00000000fec00000,0x00000000ff100000)
 ParOldGen       total 62976K, used 8235K [0x00000000a4600000, 0x00000000a8380000, 0x00000000e1780000)
  object space 62976K, 13% used [0x00000000a4600000,0x00000000a4e0add0,0x00000000a8380000)
 Metaspace       used 3670K, capacity 4602K, committed 4864K, reserved 1056768K
  class space    used 402K, capacity 426K, committed 512K, reserved 1048576K
Event: 28.778 GC heap after
Heap after GC invocations=17 (full 0):
 PSYoungGen      total 403456K, used 896K [0x00000000e1780000, 0x00000000ff580000, 0x0000000100000000)
  eden space 402432K, 0% used [0x00000000e1780000,0x00000000e1780000,0x00000000fa080000)
  from space 1024K, 87% used [0x00000000fec00000,0x00000000fece0000,0x00000000fed00000)
  to   space 5120K, 0% used [0x00000000ff080000,0x00000000ff080000,0x00000000ff580000)
 ParOldGen       total 62976K, used 8243K [0x00000000a4600000, 0x00000000a8380000, 0x00000000e1780000)
  object space 62976K, 13% used [0x00000000a4600000,0x00000000a4e0cdd0,0x00000000a8380000)
 Metaspace       used 3670K, capacity 4602K, committed 4864K, reserved 1056768K
  class space    used 402K, capacity 426K, committed 512K, reserved 1048576K
}
Event: 30.972 GC heap before
{Heap before GC invocations=18 (full 0):
 PSYoungGen      total 403456K, used 403328K [0x00000000e1780000, 0x00000000ff580000, 0x0000000100000000)
  eden space 402432K, 100% used [0x00000000e1780000,0x00000000fa080000,0x00000000fa080000)
  from space 1024K, 87% used [0x00000000fec00000,0x00000000fece0000,0x00000000fed00000)
  to   space 5120K, 0% used [0x00000000ff080000,0x00000000ff080000,0x00000000ff580000)
 ParOldGen       total 62976K, used 8243K [0x00000000a4600000, 0x00000000a8380000, 0x00000000e1780000)
  object space 62976K, 13% used [0x00000000a4600000,0x00000000a4e0cdd0,0x00000000a8380000)
 Metaspace       used 3670K, capacity 4602K, committed 4864K, reserved 1056768K
  class space    used 402K, capacity 426K, committed 512K, reserved 1048576K
Event: 30.978 GC heap after
Heap after GC invocations=18 (full 0):
 PSYoungGen      total 384512K, used 928K [0x00000000e1780000, 0x00000000ff180000, 0x0000000100000000)
  eden space 383488K, 0% used [0x00000000e1780000,0x00000000e1780000,0x00000000f8e00000)
  from space 1024K, 90% used [0x00000000ff080000,0x00000000ff168000,0x00000000ff180000)
  to   space 4608K, 0% used [0x00000000fe880000,0x00000000fe880000,0x00000000fed00000)
 ParOldGen       total 62976K, used 8259K [0x00000000a4600000, 0x00000000a8380000, 0x00000000e1780000)
  object space 62976K, 13% used [0x00000000a4600000,0x00000000a4e10dd0,0x00000000a8380000)
 Metaspace       used 3670K, capacity 4602K, committed 4864K, reserved 1056768K
  class space    used 402K, capacity 426K, committed 512K, reserved 1048576K
}
Event: 33.073 GC heap before
{Heap before GC invocations=19 (full 0):
 PSYoungGen      total 384512K, used 384416K [0x00000000e1780000, 0x00000000ff180000, 0x0000000100000000)
  eden space 383488K, 100% used [0x00000000e1780000,0x00000000f8e00000,0x00000000f8e00000)
  from space 1024K, 90% used [0x00000000ff080000,0x00000000ff168000,0x00000000ff180000)
  to   space 4608K, 0% used [0x00000000fe880000,0x00000000fe880000,0x00000000fed00000)
 ParOldGen       total 62976K, used 8259K [0x00000000a4600000, 0x00000000a8380000, 0x00000000e1780000)
  object space 62976K, 13% used [0x00000000a4600000,0x00000000a4e10dd0,0x00000000a8380000)
 Metaspace       used 3670K, capacity 4602K, committed 4864K, reserved 1056768K
  class space    used 402K, capacity 426K, committed 512K, reserved 1048576K
Event: 33.077 GC heap after
Heap after GC invocations=19 (full 0):
 PSYoungGen      total 366592K, used 992K [0x00000000e1780000, 0x00000000ff100000, 0x0000000100000000)
  eden space 365568K, 0% used [0x00000000e1780000,0x00000000e1780000,0x00000000f7c80000)
  from space 1024K, 96% used [0x00000000fe880000,0x00000000fe978000,0x00000000fe980000)
  to   space 4608K, 0% used [0x00000000fec80000,0x00000000fec80000,0x00000000ff100000)
 ParOldGen       total 62976K, used 8267K [0x00000000a4600000, 0x00000000a8380000, 0x00000000e1780000)
  object space 62976K, 13% used [0x00000000a4600000,0x00000000a4e12dd0,0x00000000a8380000)
 Metaspace       used 3670K, capacity 4602K, committed 4864K, reserved 1056768K
  class space    used 402K, capacity 426K, committed 512K, reserved 1048576K
}
Event: 35.052 GC heap before
{Heap before GC invocations=20 (full 0):
 PSYoungGen      total 366592K, used 366560K [0x00000000e1780000, 0x00000000ff100000, 0x0000000100000000)
  eden space 365568K, 100% used [0x00000000e1780000,0x00000000f7c80000,0x00000000f7c80000)
  from space 1024K, 96% used [0x00000000fe880000,0x00000000fe978000,0x00000000fe980000)
  to   space 4608K, 0% used [0x00000000fec80000,0x00000000fec80000,0x00000000ff100000)
 ParOldGen       total 62976K, used 8267K [0x00000000a4600000, 0x00000000a8380000, 0x00000000e1780000)
  object space 62976K, 13% used [0x00000000a4600000,0x00000000a4e12dd0,0x00000000a8380000)
 Metaspace       used 3670K, capacity 4602K, committed 4864K, reserved 1056768K
  class space    used 402K, capacity 426K, committed 512K, reserved 1048576K
Event: 35.056 GC heap after
Heap after GC invocations=20 (full 0):
 PSYoungGen      total 349696K, used 1024K [0x00000000e1780000, 0x00000000fed80000, 0x0000000100000000)
  eden space 348672K, 0% used [0x00000000e1780000,0x00000000e1780000,0x00000000f6c00000)
  from space 1024K, 100% used [0x00000000fec80000,0x00000000fed80000,0x00000000fed80000)
  to   space 4096K, 0% used [0x00000000fe580000,0x00000000fe580000,0x00000000fe980000)
 ParOldGen       total 62976K, used 8283K [0x00000000a4600000, 0x00000000a8380000, 0x00000000e1780000)
  object space 62976K, 13% used [0x00000000a4600000,0x00000000a4e16dd0,0x00000000a8380000)
 Metaspace       used 3670K, capacity 4602K, committed 4864K, reserved 1056768K
  class space    used 402K, capacity 426K, committed 512K, reserved 1048576K
}
Event: 36.919 GC heap before
{Heap before GC invocations=21 (full 0):
 PSYoungGen      total 349696K, used 349696K [0x00000000e1780000, 0x00000000fed80000, 0x0000000100000000)
  eden space 348672K, 100% used [0x00000000e1780000,0x00000000f6c00000,0x00000000f6c00000)
  from space 1024K, 100% used [0x00000000fec80000,0x00000000fed80000,0x00000000fed80000)
  to   space 4096K, 0% used [0x00000000fe580000,0x00000000fe580000,0x00000000fe980000)
 ParOldGen       total 62976K, used 8283K [0x00000000a4600000, 0x00000000a8380000, 0x00000000e1780000)
  object space 62976K, 13% used [0x00000000a4600000,0x00000000a4e16dd0,0x00000000a8380000)
 Metaspace       used 3670K, capacity 4602K, committed 4864K, reserved 1056768K
  class space    used 402K, capacity 426K, committed 512K, reserved 1048576K
Event: 36.924 GC heap after
Heap after GC invocations=21 (full 0):
 PSYoungGen      total 334336K, used 1088K [0x00000000e1780000, 0x00000000fed00000, 0x0000000100000000)
  eden space 332800K, 0% used [0x00000000e1780000,0x00000000e1780000,0x00000000f5c80000)
  from space 1536K, 70% used [0x00000000fe580000,0x00000000fe690000,0x00000000fe700000)
  to   space 4096K, 0% used [0x00000000fe900000,0x00000000fe900000,0x00000000fed00000)
 ParOldGen       total 62976K, used 8291K [0x00000000a4600000, 0x00000000a8380000, 0x00000000e1780000)
  object space 62976K, 13% used [0x00000000a4600000,0x00000000a4e18dd0,0x00000000a8380000)
 Metaspace       used 3670K, capacity 4602K, committed 4864K, reserved 1056768K
  class space    used 402K, capacity 426K, committed 512K, reserved 1048576K
}

