# JRE version: Java(TM) SE Runtime Environment (8.0_121-b13) (build 1.8.0_121-b13)
# Java VM: Java HotSpot(TM) 64-Bit Server VM (25.121-b13 mixed mode linux-amd64 compressed oops)
Heap:
 PSYoungGen      total 340480K, used 165039K [0x00000000e1780000, 0x00000000f8980000, 0x0000000100000000)
  eden space 336896K, 48% used [0x00000000e1780000,0x00000000eb56bc30,0x00000000f6080000)
  from space 3584K, 92% used [0x00000000f8600000,0x00000000f8940000,0x00000000f8980000)
  to   space 3584K, 0% used [0x00000000f8280000,0x00000000f8280000,0x00000000f8600000)
 ParOldGen       total 62976K, used 54786K [0x00000000a4600000, 0x00000000a8380000, 0x00000000e1780000)
  object space 62976K, 86% used [0x00000000a4600000,0x00000000a7b80b00,0x00000000a8380000)
 Metaspace       used 3689K, capacity 4602K, committed 4864K, reserved 1056768K
  class space    used 402K, capacity 426K, committed 512K, reserved 1048576K
GC Heap History (10 events):
Event: 207.301 GC heap before
{Heap before GC invocations=190 (full 0):
 PSYoungGen      total 286720K, used 286368K [0x00000000e1780000, 0x00000000f7880000, 0x0000000100000000)
  eden space 283136K, 100% used [0x00000000e1780000,0x00000000f2c00000,0x00000000f2c00000)
  from space 3584K, 90% used [0x00000000f7380000,0x00000000f76a8000,0x00000000f7700000)
  to   space 1536K, 0% used [0x00000000f7700000,0x00000000f7700000,0x00000000f7880000)
 ParOldGen       total 62976K, used 52370K [0x00000000a4600000, 0x00000000a8380000, 0x00000000e1780000)
  object space 62976K, 83% used [0x00000000a4600000,0x00000000a7924b00,0x00000000a8380000)
 Metaspace       used 3686K, capacity 4602K, committed 4864K, reserved 1056768K
  class space    used 402K, capacity 426K, committed 512K, reserved 1048576K
Event: 207.311 GC heap after
Heap after GC invocations=190 (full 0):
 PSYoungGen      total 271872K, used 1536K [0x00000000e1780000, 0x00000000f7880000, 0x0000000100000000)
  eden space 270336K, 0% used [0x00000000e1780000,0x00000000e1780000,0x00000000f1f80000)
  from space 1536K, 100% used [0x00000000f7700000,0x00000000f7880000,0x00000000f7880000)
  to   space 3584K, 0% used [0x00000000f7180000,0x00000000f7180000,0x00000000f7500000)
 ParOldGen       total 62976K, used 54074K [0x00000000a4600000, 0x00000000a8380000, 0x00000000e1780000)
  object space 62976K, 85% used [0x00000000a4600000,0x00000000a7aceb00,0x00000000a8380000)
 Metaspace       used 3686K, capacity 4602K, committed 4864K, reserved 1056768K
  class space    used 402K, capacity 426K, committed 512K, reserved 1048576K
}
Event: 208.624 GC heap before
{Heap before GC invocations=191 (full 0):
 PSYoungGen      total 271872K, used 271872K [0x00000000e1780000, 0x00000000f7880000, 0x0000000100000000)
  eden space 270336K, 100% used [0x00000000e1780000,0x00000000f1f80000,0x00000000f1f80000)
  from space 1536K, 100% used [0x00000000f7700000,0x00000000f7880000,0x00000000f7880000)
  to   space 3584K, 0% used [0x00000000f7180000,0x00000000f7180000,0x00000000f7500000)
 ParOldGen       total 62976K, used 54074K [0x00000000a4600000, 0x00000000a8380000, 0x00000000e1780000)
  object space 62976K, 85% used [0x00000000a4600000,0x00000000a7aceb00,0x00000000a8380000)
 Metaspace       used 3686K, capacity 4602K, committed 4864K, reserved 1056768K
  class space    used 402K, capacity 426K, committed 512K, reserved 1048576K
Event: 208.637 GC heap after
Heap after GC invocations=191 (full 0):
 PSYoungGen      total 261632K, used 3264K [0x00000000e1780000, 0x00000000f7780000, 0x0000000100000000)
  eden space 258048K, 0% used [0x00000000e1780000,0x00000000e1780000,0x00000000f1380000)
  from space 3584K, 91% used [0x00000000f7180000,0x00000000f74b0000,0x00000000f7500000)
  to   space 2560K, 0% used [0x00000000f7500000,0x00000000f7500000,0x00000000f7780000)
 ParOldGen       total 62976K, used 54082K [0x00000000a4600000, 0x00000000a8380000, 0x00000000e1780000)
  object space 62976K, 85% used [0x00000000a4600000,0x00000000a7ad0b00,0x00000000a8380000)
 Metaspace       used 3686K, capacity 4602K, committed 4864K, reserved 1056768K
  class space    used 402K, capacity 426K, committed 512K, reserved 1048576K
}
Event: 209.895 GC heap before
{Heap before GC invocations=192 (full 0):
 PSYoungGen      total 261632K, used 261312K [0x00000000e1780000, 0x00000000f7780000, 0x0000000100000000)
  eden space 258048K, 100% used [0x00000000e1780000,0x00000000f1380000,0x00000000f1380000)
  from space 3584K, 91% used [0x00000000f7180000,0x00000000f74b0000,0x00000000f7500000)
  to   space 2560K, 0% used [0x00000000f7500000,0x00000000f7500000,0x00000000f7780000)
 ParOldGen       total 62976K, used 54082K [0x00000000a4600000, 0x00000000a8380000, 0x00000000e1780000)
  object space 62976K, 85% used [0x00000000a4600000,0x00000000a7ad0b00,0x00000000a8380000)
 Metaspace       used 3686K, capacity 4602K, committed 4864K, reserved 1056768K
  class space    used 402K, capacity 426K, committed 512K, reserved 1048576K
Event: 209.922 GC heap after
Heap after GC invocations=192 (full 0):
 PSYoungGen      total 312320K, used 2560K [0x00000000e1780000, 0x00000000f7780000, 0x0000000100000000)
  eden space 309760K, 0% used [0x00000000e1780000,0x00000000e1780000,0x00000000f4600000)
  from space 2560K, 100% used [0x00000000f7500000,0x00000000f7780000,0x00000000f7780000)
  to   space 3584K, 0% used [0x00000000f7080000,0x00000000f7080000,0x00000000f7400000)
 ParOldGen       total 62976K, used 54786K [0x00000000a4600000, 0x00000000a8380000, 0x00000000e1780000)
  object space 62976K, 86% used [0x00000000a4600000,0x00000000a7b80b00,0x00000000a8380000)
 Metaspace       used 3686K, capacity 4602K, committed 4864K, reserved 1056768K
  class space    used 402K, capacity 426K, committed 512K, reserved 1048576K
}
Event: 211.409 GC heap before
{Heap before GC invocations=193 (full 0):
 PSYoungGen      total 312320K, used 312320K [0x00000000e1780000, 0x00000000f7780000, 0x0000000100000000)
  eden space 309760K, 100% used [0x00000000e1780000,0x00000000f4600000,0x00000000f4600000)
  from space 2560K, 100% used [0x00000000f7500000,0x00000000f7780000,0x00000000f7780000)
  to   space 3584K, 0% used [0x00000000f7080000,0x00000000f7080000,0x00000000f7400000)
 ParOldGen       total 62976K, used 54786K [0x00000000a4600000, 0x00000000a8380000, 0x00000000e1780000)
  object space 62976K, 86% used [0x00000000a4600000,0x00000000a7b80b00,0x00000000a8380000)
 Metaspace       used 3686K, capacity 4602K, committed 4864K, reserved 1056768K
  class space    used 402K, capacity 426K, committed 512K, reserved 1048576K
Event: 211.418 GC heap after
Heap after GC invocations=193 (full 0):
 PSYoungGen      total 356864K, used 3296K [0x00000000e1780000, 0x00000000f8980000, 0x0000000100000000)
  eden space 353280K, 0% used [0x00000000e1780000,0x00000000e1780000,0x00000000f7080000)
  from space 3584K, 91% used [0x00000000f7080000,0x00000000f73b8000,0x00000000f7400000)
  to   space 3584K, 0% used [0x00000000f8600000,0x00000000f8600000,0x00000000f8980000)
 ParOldGen       total 62976K, used 54786K [0x00000000a4600000, 0x00000000a8380000, 0x00000000e1780000)
  object space 62976K, 86% used [0x00000000a4600000,0x00000000a7b80b00,0x00000000a8380000)
 Metaspace       used 3686K, capacity 4602K, committed 4864K, reserved 1056768K
  class space    used 402K, capacity 426K, committed 512K, reserved 1048576K
}
Event: 213.102 GC heap before
{Heap before GC invocations=194 (full 0):
 PSYoungGen      total 356864K, used 356576K [0x00000000e1780000, 0x00000000f8980000, 0x0000000100000000)
  eden space 353280K, 100% used [0x00000000e1780000,0x00000000f7080000,0x00000000f7080000)
  from space 3584K, 91% used [0x00000000f7080000,0x00000000f73b8000,0x00000000f7400000)
  to   space 3584K, 0% used [0x00000000f8600000,0x00000000f8600000,0x00000000f8980000)
 ParOldGen       total 62976K, used 54786K [0x00000000a4600000, 0x00000000a8380000, 0x00000000e1780000)
  object space 62976K, 86% used [0x00000000a4600000,0x00000000a7b80b00,0x00000000a8380000)
 Metaspace       used 3686K, capacity 4602K, committed 4864K, reserved 1056768K
  class space    used 402K, capacity 426K, committed 512K, reserved 1048576K
Event: 213.114 GC heap after
Heap after GC invocations=194 (full 0):
 PSYoungGen      total 340480K, used 3328K [0x00000000e1780000, 0x00000000f8980000, 0x0000000100000000)
  eden space 336896K, 0% used [0x00000000e1780000,0x00000000e1780000,0x00000000f6080000)
  from space 3584K, 92% used [0x00000000f8600000,0x00000000f8940000,0x00000000f8980000)
  to   space 3584K, 0% used [0x00000000f8280000,0x00000000f8280000,0x00000000f8600000)
 ParOldGen       total 62976K, used 54786K [0x00000000a4600000, 0x00000000a8380000, 0x00000000e1780000)
  object space 62976K, 86% used [0x00000000a4600000,0x00000000a7b80b00,0x00000000a8380000)
 Metaspace       used 3686K, capacity 4602K, committed 4864K, reserved 1056768K
  class space    used 402K, capacity 426K, committed 512K, reserved 1048576K
}

