# JRE version: Java(TM) SE Runtime Environment (8.0_121-b13) (build 1.8.0_121-b13)
# Java VM: Java HotSpot(TM) 64-Bit Server VM (25.121-b13 mixed mode linux-amd64 compressed oops)
Heap:
 PSYoungGen      total 160256K, used 147526K [0x00000000e1780000, 0x00000000fcd00000, 0x0000000100000000)
  eden space 158720K, 91% used [0x00000000e1780000,0x00000000ea619818,0x00000000eb280000)
  from space 1536K, 97% used [0x00000000fca00000,0x00000000fcb78000,0x00000000fcb80000)
  to   space 1536K, 0% used [0x00000000fcb80000,0x00000000fcb80000,0x00000000fcd00000)
 ParOldGen       total 62976K, used 8458K [0x00000000a4600000, 0x00000000a8380000, 0x00000000e1780000)
  object space 62976K, 13% used [0x00000000a4600000,0x00000000a4e42b00,0x00000000a8380000)
 Metaspace       used 3669K, capacity 4602K, committed 4864K, reserved 1056768K
  class space    used 402K, capacity 426K, committed 512K, reserved 1048576K
GC Heap History (10 events):
Event: 60.917 GC heap before
{Heap before GC invocations=43 (full 0):
 PSYoungGen      total 121344K, used 121280K [0x00000000e1780000, 0x00000000fd000000, 0x0000000100000000)
  eden space 119808K, 100% used [0x00000000e1780000,0x00000000e8c80000,0x00000000e8c80000)
  from space 1536K, 95% used [0x00000000fce80000,0x00000000fcff0000,0x00000000fd000000)
  to   space 2048K, 0% used [0x00000000fcc00000,0x00000000fcc00000,0x00000000fce00000)
 ParOldGen       total 62976K, used 8410K [0x00000000a4600000, 0x00000000a8380000, 0x00000000e1780000)
  object space 62976K, 13% used [0x00000000a4600000,0x00000000a4e36b00,0x00000000a8380000)
 Metaspace       used 3669K, capacity 4602K, committed 4864K, reserved 1056768K
  class space    used 402K, capacity 426K, committed 512K, reserved 1048576K
Event: 60.924 GC heap after
Heap after GC invocations=43 (full 0):
 PSYoungGen      total 116736K, used 1472K [0x00000000e1780000, 0x00000000fcf00000, 0x0000000100000000)
  eden space 115200K, 0% used [0x00000000e1780000,0x00000000e1780000,0x00000000e8800000)
  from space 1536K, 95% used [0x00000000fcc00000,0x00000000fcd70000,0x00000000fcd80000)
  to   space 1536K, 0% used [0x00000000fcd80000,0x00000000fcd80000,0x00000000fcf00000)
 ParOldGen       total 62976K, used 8418K [0x00000000a4600000, 0x00000000a8380000, 0x00000000e1780000)
  object space 62976K, 13% used [0x00000000a4600000,0x00000000a4e38b00,0x00000000a8380000)
 Metaspace       used 3669K, capacity 4602K, committed 4864K, reserved 1056768K
  class space    used 402K, capacity 426K, committed 512K, reserved 1048576K
}
Event: 61.503 GC heap before
{Heap before GC invocations=44 (full 0):
 PSYoungGen      total 116736K, used 116672K [0x00000000e1780000, 0x00000000fcf00000, 0x0000000100000000)
  eden space 115200K, 100% used [0x00000000e1780000,0x00000000e8800000,0x00000000e8800000)
  from space 1536K, 95% used [0x00000000fcc00000,0x00000000fcd70000,0x00000000fcd80000)
  to   space 1536K, 0% used [0x00000000fcd80000,0x00000000fcd80000,0x00000000fcf00000)
 ParOldGen       total 62976K, used 8418K [0x00000000a4600000, 0x00000000a8380000, 0x00000000e1780000)
  object space 62976K, 13% used [0x00000000a4600000,0x00000000a4e38b00,0x00000000a8380000)
 Metaspace       used 3669K, capacity 4602K, committed 4864K, reserved 1056768K
  class space    used 402K, capacity 426K, committed 512K, reserved 1048576K
Event: 61.511 GC heap after
Heap after GC invocations=44 (full 0):
 PSYoungGen      total 112128K, used 1504K [0x00000000e1780000, 0x00000000fcf00000, 0x0000000100000000)
  eden space 110592K, 0% used [0x00000000e1780000,0x00000000e1780000,0x00000000e8380000)
  from space 1536K, 97% used [0x00000000fcd80000,0x00000000fcef8000,0x00000000fcf00000)
  to   space 2048K, 0% used [0x00000000fcb00000,0x00000000fcb00000,0x00000000fcd00000)
 ParOldGen       total 62976K, used 8426K [0x00000000a4600000, 0x00000000a8380000, 0x00000000e1780000)
  object space 62976K, 13% used [0x00000000a4600000,0x00000000a4e3ab00,0x00000000a8380000)
 Metaspace       used 3669K, capacity 4602K, committed 4864K, reserved 1056768K
  class space    used 402K, capacity 426K, committed 512K, reserved 1048576K
}
Event: 62.054 GC heap before
{Heap before GC invocations=45 (full 0):
 PSYoungGen      total 112128K, used 112096K [0x00000000e1780000, 0x00000000fcf00000, 0x0000000100000000)
  eden space 110592K, 100% used [0x00000000e1780000,0x00000000e8380000,0x00000000e8380000)
  from space 1536K, 97% used [0x00000000fcd80000,0x00000000fcef8000,0x00000000fcf00000)
  to   space 2048K, 0% used [0x00000000fcb00000,0x00000000fcb00000,0x00000000fcd00000)
 ParOldGen       total 62976K, used 8426K [0x00000000a4600000, 0x00000000a8380000, 0x00000000e1780000)
  object space 62976K, 13% used [0x00000000a4600000,0x00000000a4e3ab00,0x00000000a8380000)
 Metaspace       used 3669K, capacity 4602K, committed 4864K, reserved 1056768K
  class space    used 402K, capacity 426K, committed 512K, reserved 1048576K
Event: 62.060 GC heap after
Heap after GC invocations=45 (full 0):
 PSYoungGen      total 108032K, used 1504K [0x00000000e1780000, 0x00000000fce00000, 0x0000000100000000)
  eden space 106496K, 0% used [0x00000000e1780000,0x00000000e1780000,0x00000000e7f80000)
  from space 1536K, 97% used [0x00000000fcb00000,0x00000000fcc78000,0x00000000fcc80000)
  to   space 1536K, 0% used [0x00000000fcc80000,0x00000000fcc80000,0x00000000fce00000)
 ParOldGen       total 62976K, used 8434K [0x00000000a4600000, 0x00000000a8380000, 0x00000000e1780000)
  object space 62976K, 13% used [0x00000000a4600000,0x00000000a4e3cb00,0x00000000a8380000)
 Metaspace       used 3669K, capacity 4602K, committed 4864K, reserved 1056768K
  class space    used 402K, capacity 426K, committed 512K, reserved 1048576K
}
Event: 62.614 GC heap before
{Heap before GC invocations=46 (full 0):
 PSYoungGen      total 108032K, used 108000K [0x00000000e1780000, 0x00000000fce00000, 0x0000000100000000)
  eden space 106496K, 100% used [0x00000000e1780000,0x00000000e7f80000,0x00000000e7f80000)
  from space 1536K, 97% used [0x00000000fcb00000,0x00000000fcc78000,0x00000000fcc80000)
  to   space 1536K, 0% used [0x00000000fcc80000,0x00000000fcc80000,0x00000000fce00000)
 ParOldGen       total 62976K, used 8434K [0x00000000a4600000, 0x00000000a8380000, 0x00000000e1780000)
  object space 62976K, 13% used [0x00000000a4600000,0x00000000a4e3cb00,0x00000000a8380000)
 Metaspace       used 3669K, capacity 4602K, committed 4864K, reserved 1056768K
  class space    used 402K, capacity 426K, committed 512K, reserved 1048576K
Event: 62.621 GC heap after
Heap after GC invocations=46 (full 0):
 PSYoungGen      total 131584K, used 1504K [0x00000000e1780000, 0x00000000fce00000, 0x0000000100000000)
  eden space 130048K, 0% used [0x00000000e1780000,0x00000000e1780000,0x00000000e9680000)
  from space 1536K, 97% used [0x00000000fcc80000,0x00000000fcdf8000,0x00000000fce00000)
  to   space 2048K, 0% used [0x00000000fca00000,0x00000000fca00000,0x00000000fcc00000)
 ParOldGen       total 62976K, used 8442K [0x00000000a4600000, 0x00000000a8380000, 0x00000000e1780000)
  object space 62976K, 13% used [0x00000000a4600000,0x00000000a4e3eb00,0x00000000a8380000)
 Metaspace       used 3669K, capacity 4602K, committed 4864K, reserved 1056768K
  class space    used 402K, capacity 426K, committed 512K, reserved 1048576K
}
Event: 63.316 GC heap before
{Heap before GC invocations=47 (full 0):
 PSYoungGen      total 131584K, used 131552K [0x00000000e1780000, 0x00000000fce00000, 0x0000000100000000)
  eden space 130048K, 100% used [0x00000000e1780000,0x00000000e9680000,0x00000000e9680000)
  from space 1536K, 97% used [0x00000000fcc80000,0x00000000fcdf8000,0x00000000fce00000)
  to   space 2048K, 0% used [0x00000000fca00000,0x00000000fca00000,0x00000000fcc00000)
 ParOldGen       total 62976K, used 8442K [0x00000000a4600000, 0x00000000a8380000, 0x00000000e1780000)
  object space 62976K, 13% used [0x00000000a4600000,0x00000000a4e3eb00,0x00000000a8380000)
 Metaspace       used 3669K, capacity 4602K, committed 4864K, reserved 1056768K
  class space    used 402K, capacity 426K, committed 512K, reserved 1048576K
Event: 63.323 GC heap after
Heap after GC invocations=47 (full 0):
 PSYoungGen      total 160256K, used 1504K [0x00000000e1780000, 0x00000000fcd00000, 0x0000000100000000)
  eden space 158720K, 0% used [0x00000000e1780000,0x00000000e1780000,0x00000000eb280000)
  from space 1536K, 97% used [0x00000000fca00000,0x00000000fcb78000,0x00000000fcb80000)
  to   space 1536K, 0% used [0x00000000fcb80000,0x00000000fcb80000,0x00000000fcd00000)
 ParOldGen       total 62976K, used 8458K [0x00000000a4600000, 0x00000000a8380000, 0x00000000e1780000)
  object space 62976K, 13% used [0x00000000a4600000,0x00000000a4e42b00,0x00000000a8380000)
 Metaspace       used 3669K, capacity 4602K, committed 4864K, reserved 1056768K
  class space    used 402K, capacity 426K, committed 512K, reserved 1048576K
}

