# JRE version: Java(TM) SE Runtime Environment (8.0_121-b13) (build 1.8.0_121-b13)
# Java VM: Java HotSpot(TM) 64-Bit Server VM (25.121-b13 mixed mode linux-amd64 compressed oops)
Heap:
 PSYoungGen      total 421888K, used 194396K [0x00000000e1780000, 0x00000000ff500000, 0x0000000100000000)
  eden space 420864K, 45% used [0x00000000e1780000,0x00000000ed48f030,0x00000000fb280000)
  from space 1024K, 78% used [0x00000000ff400000,0x00000000ff4c8000,0x00000000ff500000)
  to   space 6144K, 0% used [0x00000000fe900000,0x00000000fe900000,0x00000000fef00000)
 ParOldGen       total 62976K, used 10178K [0x00000000a4600000, 0x00000000a8380000, 0x00000000e1780000)
  object space 62976K, 16% used [0x00000000a4600000,0x00000000a4ff0910,0x00000000a8380000)
 Metaspace       used 3587K, capacity 4602K, committed 4864K, reserved 1056768K
  class space    used 394K, capacity 426K, committed 512K, reserved 1048576K
GC Heap History (10 events):
Event: 7.117 GC heap before
{Heap before GC invocations=14 (full 0):
 PSYoungGen      total 492032K, used 485664K [0x00000000e1780000, 0x0000000100000000, 0x0000000100000000)
  eden space 484864K, 100% used [0x00000000e1780000,0x00000000ff100000,0x00000000ff100000)
  from space 7168K, 11% used [0x00000000ff100000,0x00000000ff1c8000,0x00000000ff800000)
  to   space 7168K, 0% used [0x00000000ff900000,0x00000000ff900000,0x0000000100000000)
 ParOldGen       total 62976K, used 10178K [0x00000000a4600000, 0x00000000a8380000, 0x00000000e1780000)
  object space 62976K, 16% used [0x00000000a4600000,0x00000000a4ff0910,0x00000000a8380000)
 Metaspace       used 3587K, capacity 4602K, committed 4864K, reserved 1056768K
  class space    used 394K, capacity 426K, committed 512K, reserved 1048576K
Event: 7.120 GC heap after
Heap after GC invocations=14 (full 0):
 PSYoungGen      total 492032K, used 832K [0x00000000e1780000, 0x00000000fff00000, 0x0000000100000000)
  eden space 485888K, 0% used [0x00000000e1780000,0x00000000e1780000,0x00000000ff200000)
  from space 6144K, 13% used [0x00000000ff900000,0x00000000ff9d0000,0x00000000fff00000)
  to   space 6656K, 0% used [0x00000000ff200000,0x00000000ff200000,0x00000000ff880000)
 ParOldGen       total 62976K, used 10178K [0x00000000a4600000, 0x00000000a8380000, 0x00000000e1780000)
  object space 62976K, 16% used [0x00000000a4600000,0x00000000a4ff0910,0x00000000a8380000)
 Metaspace       used 3587K, capacity 4602K, committed 4864K, reserved 1056768K
  class space    used 394K, capacity 426K, committed 512K, reserved 1048576K
}
Event: 8.373 GC heap before
{Heap before GC invocations=15 (full 0):
 PSYoungGen      total 492032K, used 486720K [0x00000000e1780000, 0x00000000fff00000, 0x0000000100000000)
  eden space 485888K, 100% used [0x00000000e1780000,0x00000000ff200000,0x00000000ff200000)
  from space 6144K, 13% used [0x00000000ff900000,0x00000000ff9d0000,0x00000000fff00000)
  to   space 6656K, 0% used [0x00000000ff200000,0x00000000ff200000,0x00000000ff880000)
 ParOldGen       total 62976K, used 10178K [0x00000000a4600000, 0x00000000a8380000, 0x00000000e1780000)
  object space 62976K, 16% used [0x00000000a4600000,0x00000000a4ff0910,0x00000000a8380000)
 Metaspace       used 3587K, capacity 4602K, committed 4864K, reserved 1056768K
  class space    used 394K, capacity 426K, committed 512K, reserved 1048576K
Event: 8.376 GC heap after
Heap after GC invocations=15 (full 0):
 PSYoungGen      total 492544K, used 832K [0x00000000e1780000, 0x0000000100000000, 0x0000000100000000)
  eden space 485888K, 0% used [0x00000000e1780000,0x00000000e1780000,0x00000000ff200000)
  from space 6656K, 12% used [0x00000000ff200000,0x00000000ff2d0000,0x00000000ff880000)
  to   space 6656K, 0% used [0x00000000ff980000,0x00000000ff980000,0x0000000100000000)
 ParOldGen       total 62976K, used 10178K [0x00000000a4600000, 0x00000000a8380000, 0x00000000e1780000)
  object space 62976K, 16% used [0x00000000a4600000,0x00000000a4ff0910,0x00000000a8380000)
 Metaspace       used 3587K, capacity 4602K, committed 4864K, reserved 1056768K
  class space    used 394K, capacity 426K, committed 512K, reserved 1048576K
}
Event: 9.608 GC heap before
{Heap before GC invocations=16 (full 0):
 PSYoungGen      total 492544K, used 486720K [0x00000000e1780000, 0x0000000100000000, 0x0000000100000000)
  eden space 485888K, 100% used [0x00000000e1780000,0x00000000ff200000,0x00000000ff200000)
  from space 6656K, 12% used [0x00000000ff200000,0x00000000ff2d0000,0x00000000ff880000)
  to   space 6656K, 0% used [0x00000000ff980000,0x00000000ff980000,0x0000000100000000)
 ParOldGen       total 62976K, used 10178K [0x00000000a4600000, 0x00000000a8380000, 0x00000000e1780000)
  object space 62976K, 16% used [0x00000000a4600000,0x00000000a4ff0910,0x00000000a8380000)
 Metaspace       used 3587K, capacity 4602K, committed 4864K, reserved 1056768K
  class space    used 394K, capacity 426K, committed 512K, reserved 1048576K
Event: 9.610 GC heap after
Heap after GC invocations=16 (full 0):
 PSYoungGen      total 463872K, used 832K [0x00000000e1780000, 0x00000000ffa80000, 0x0000000100000000)
  eden space 462848K, 0% used [0x00000000e1780000,0x00000000e1780000,0x00000000fdb80000)
  from space 1024K, 81% used [0x00000000ff980000,0x00000000ffa50000,0x00000000ffa80000)
  to   space 6656K, 0% used [0x00000000fed80000,0x00000000fed80000,0x00000000ff400000)
 ParOldGen       total 62976K, used 10178K [0x00000000a4600000, 0x00000000a8380000, 0x00000000e1780000)
  object space 62976K, 16% used [0x00000000a4600000,0x00000000a4ff0910,0x00000000a8380000)
 Metaspace       used 3587K, capacity 4602K, committed 4864K, reserved 1056768K
  class space    used 394K, capacity 426K, committed 512K, reserved 1048576K
}
Event: 10.828 GC heap before
{Heap before GC invocations=17 (full 0):
 PSYoungGen      total 463872K, used 463680K [0x00000000e1780000, 0x00000000ffa80000, 0x0000000100000000)
  eden space 462848K, 100% used [0x00000000e1780000,0x00000000fdb80000,0x00000000fdb80000)
  from space 1024K, 81% used [0x00000000ff980000,0x00000000ffa50000,0x00000000ffa80000)
  to   space 6656K, 0% used [0x00000000fed80000,0x00000000fed80000,0x00000000ff400000)
 ParOldGen       total 62976K, used 10178K [0x00000000a4600000, 0x00000000a8380000, 0x00000000e1780000)
  object space 62976K, 16% used [0x00000000a4600000,0x00000000a4ff0910,0x00000000a8380000)
 Metaspace       used 3587K, capacity 4602K, committed 4864K, reserved 1056768K
  class space    used 394K, capacity 426K, committed 512K, reserved 1048576K
Event: 10.831 GC heap after
Heap after GC invocations=17 (full 0):
 PSYoungGen      total 448000K, used 800K [0x00000000e1780000, 0x00000000ffa00000, 0x0000000100000000)
  eden space 441344K, 0% used [0x00000000e1780000,0x00000000e1780000,0x00000000fc680000)
  from space 6656K, 12% used [0x00000000fed80000,0x00000000fee48000,0x00000000ff400000)
  to   space 6144K, 0% used [0x00000000ff400000,0x00000000ff400000,0x00000000ffa00000)
 ParOldGen       total 62976K, used 10178K [0x00000000a4600000, 0x00000000a8380000, 0x00000000e1780000)
  object space 62976K, 16% used [0x00000000a4600000,0x00000000a4ff0910,0x00000000a8380000)
 Metaspace       used 3587K, capacity 4602K, committed 4864K, reserved 1056768K
  class space    used 394K, capacity 426K, committed 512K, reserved 1048576K
}
Event: 11.955 GC heap before
{Heap before GC invocations=18 (full 0):
 PSYoungGen      total 448000K, used 442144K [0x00000000e1780000, 0x00000000ffa00000, 0x0000000100000000)
  eden space 441344K, 100% used [0x00000000e1780000,0x00000000fc680000,0x00000000fc680000)
  from space 6656K, 12% used [0x00000000fed80000,0x00000000fee48000,0x00000000ff400000)
  to   space 6144K, 0% used [0x00000000ff400000,0x00000000ff400000,0x00000000ffa00000)
 ParOldGen       total 62976K, used 10178K [0x00000000a4600000, 0x00000000a8380000, 0x00000000e1780000)
  object space 62976K, 16% used [0x00000000a4600000,0x00000000a4ff0910,0x00000000a8380000)
 Metaspace       used 3587K, capacity 4602K, committed 4864K, reserved 1056768K
  class space    used 394K, capacity 426K, committed 512K, reserved 1048576K
Event: 11.957 GC heap after
Heap after GC invocations=18 (full 0):
 PSYoungGen      total 421888K, used 800K [0x00000000e1780000, 0x00000000ff500000, 0x0000000100000000)
  eden space 420864K, 0% used [0x00000000e1780000,0x00000000e1780000,0x00000000fb280000)
  from space 1024K, 78% used [0x00000000ff400000,0x00000000ff4c8000,0x00000000ff500000)
  to   space 6144K, 0% used [0x00000000fe900000,0x00000000fe900000,0x00000000fef00000)
 ParOldGen       total 62976K, used 10178K [0x00000000a4600000, 0x00000000a8380000, 0x00000000e1780000)
  object space 62976K, 16% used [0x00000000a4600000,0x00000000a4ff0910,0x00000000a8380000)
 Metaspace       used 3587K, capacity 4602K, committed 4864K, reserved 1056768K
  class space    used 394K, capacity 426K, committed 512K, reserved 1048576K
}

