# JRE version: Java(TM) SE Runtime Environment (8.0_121-b13) (build 1.8.0_121-b13)
# Java VM: Java HotSpot(TM) 64-Bit Server VM (25.121-b13 mixed mode linux-amd64 compressed oops)
Heap:
 PSYoungGen      total 201728K, used 193496K [0x00000000e1780000, 0x00000000fd900000, 0x0000000100000000)
  eden space 200192K, 96% used [0x00000000e1780000,0x00000000ed32e1e8,0x00000000edb00000)
  from space 1536K, 85% used [0x00000000fd780000,0x00000000fd8c8000,0x00000000fd900000)
  to   space 2560K, 0% used [0x00000000fd400000,0x00000000fd400000,0x00000000fd680000)
 ParOldGen       total 62976K, used 8302K [0x00000000a4600000, 0x00000000a8380000, 0x00000000e1780000)
  object space 62976K, 13% used [0x00000000a4600000,0x00000000a4e1bb10,0x00000000a8380000)
 Metaspace       used 3672K, capacity 4602K, committed 4864K, reserved 1056768K
  class space    used 402K, capacity 426K, committed 512K, reserved 1048576K
GC Heap History (10 events):
Event: 45.403 GC heap before
{Heap before GC invocations=26 (full 0):
 PSYoungGen      total 252928K, used 252608K [0x00000000e1780000, 0x00000000fe000000, 0x0000000100000000)
  eden space 251392K, 100% used [0x00000000e1780000,0x00000000f0d00000,0x00000000f0d00000)
  from space 1536K, 79% used [0x00000000fda00000,0x00000000fdb30000,0x00000000fdb80000)
  to   space 3584K, 0% used [0x00000000fdc80000,0x00000000fdc80000,0x00000000fe000000)
 ParOldGen       total 62976K, used 8238K [0x00000000a4600000, 0x00000000a8380000, 0x00000000e1780000)
  object space 62976K, 13% used [0x00000000a4600000,0x00000000a4e0bb10,0x00000000a8380000)
 Metaspace       used 3672K, capacity 4602K, committed 4864K, reserved 1056768K
  class space    used 402K, capacity 426K, committed 512K, reserved 1048576K
Event: 45.408 GC heap after
Heap after GC invocations=26 (full 0):
 PSYoungGen      total 241664K, used 1248K [0x00000000e1780000, 0x00000000fde00000, 0x0000000100000000)
  eden space 240128K, 0% used [0x00000000e1780000,0x00000000e1780000,0x00000000f0200000)
  from space 1536K, 81% used [0x00000000fdc80000,0x00000000fddb8000,0x00000000fde00000)
  to   space 3584K, 0% used [0x00000000fd700000,0x00000000fd700000,0x00000000fda80000)
 ParOldGen       total 62976K, used 8246K [0x00000000a4600000, 0x00000000a8380000, 0x00000000e1780000)
  object space 62976K, 13% used [0x00000000a4600000,0x00000000a4e0db10,0x00000000a8380000)
 Metaspace       used 3672K, capacity 4602K, committed 4864K, reserved 1056768K
  class space    used 402K, capacity 426K, committed 512K, reserved 1048576K
}
Event: 46.563 GC heap before
{Heap before GC invocations=27 (full 0):
 PSYoungGen      total 241664K, used 241376K [0x00000000e1780000, 0x00000000fde00000, 0x0000000100000000)
  eden space 240128K, 100% used [0x00000000e1780000,0x00000000f0200000,0x00000000f0200000)
  from space 1536K, 81% used [0x00000000fdc80000,0x00000000fddb8000,0x00000000fde00000)
  to   space 3584K, 0% used [0x00000000fd700000,0x00000000fd700000,0x00000000fda80000)
 ParOldGen       total 62976K, used 8246K [0x00000000a4600000, 0x00000000a8380000, 0x00000000e1780000)
  object space 62976K, 13% used [0x00000000a4600000,0x00000000a4e0db10,0x00000000a8380000)
 Metaspace       used 3672K, capacity 4602K, committed 4864K, reserved 1056768K
  class space    used 402K, capacity 426K, committed 512K, reserved 1048576K
Event: 46.567 GC heap after
Heap after GC invocations=27 (full 0):
 PSYoungGen      total 230912K, used 1248K [0x00000000e1780000, 0x00000000fdd00000, 0x0000000100000000)
  eden space 229376K, 0% used [0x00000000e1780000,0x00000000e1780000,0x00000000ef780000)
  from space 1536K, 81% used [0x00000000fd700000,0x00000000fd838000,0x00000000fd880000)
  to   space 3072K, 0% used [0x00000000fda00000,0x00000000fda00000,0x00000000fdd00000)
 ParOldGen       total 62976K, used 8262K [0x00000000a4600000, 0x00000000a8380000, 0x00000000e1780000)
  object space 62976K, 13% used [0x00000000a4600000,0x00000000a4e11b10,0x00000000a8380000)
 Metaspace       used 3672K, capacity 4602K, committed 4864K, reserved 1056768K
  class space    used 402K, capacity 426K, committed 512K, reserved 1048576K
}
Event: 47.656 GC heap before
{Heap before GC invocations=28 (full 0):
 PSYoungGen      total 230912K, used 230624K [0x00000000e1780000, 0x00000000fdd00000, 0x0000000100000000)
  eden space 229376K, 100% used [0x00000000e1780000,0x00000000ef780000,0x00000000ef780000)
  from space 1536K, 81% used [0x00000000fd700000,0x00000000fd838000,0x00000000fd880000)
  to   space 3072K, 0% used [0x00000000fda00000,0x00000000fda00000,0x00000000fdd00000)
 ParOldGen       total 62976K, used 8262K [0x00000000a4600000, 0x00000000a8380000, 0x00000000e1780000)
  object space 62976K, 13% used [0x00000000a4600000,0x00000000a4e11b10,0x00000000a8380000)
 Metaspace       used 3672K, capacity 4602K, committed 4864K, reserved 1056768K
  class space    used 402K, capacity 426K, committed 512K, reserved 1048576K
Event: 47.660 GC heap after
Heap after GC invocations=28 (full 0):
 PSYoungGen      total 220672K, used 1280K [0x00000000e1780000, 0x00000000fdb80000, 0x0000000100000000)
  eden space 219136K, 0% used [0x00000000e1780000,0x00000000e1780000,0x00000000eed80000)
  from space 1536K, 83% used [0x00000000fda00000,0x00000000fdb40000,0x00000000fdb80000)
  to   space 3072K, 0% used [0x00000000fd580000,0x00000000fd580000,0x00000000fd880000)
 ParOldGen       total 62976K, used 8278K [0x00000000a4600000, 0x00000000a8380000, 0x00000000e1780000)
  object space 62976K, 13% used [0x00000000a4600000,0x00000000a4e15b10,0x00000000a8380000)
 Metaspace       used 3672K, capacity 4602K, committed 4864K, reserved 1056768K
  class space    used 402K, capacity 426K, committed 512K, reserved 1048576K
}
Event: 48.778 GC heap before
{Heap before GC invocations=29 (full 0):
 PSYoungGen      total 220672K, used 220416K [0x00000000e1780000, 0x00000000fdb80000, 0x0000000100000000)
  eden space 219136K, 100% used [0x00000000e1780000,0x00000000eed80000,0x00000000eed80000)
  from space 1536K, 83% used [0x00000000fda00000,0x00000000fdb40000,0x00000000fdb80000)
  to   space 3072K, 0% used [0x00000000fd580000,0x00000000fd580000,0x00000000fd880000)
 ParOldGen       total 62976K, used 8278K [0x00000000a4600000, 0x00000000a8380000, 0x00000000e1780000)
  object space 62976K, 13% used [0x00000000a4600000,0x00000000a4e15b10,0x00000000a8380000)
 Metaspace       used 3672K, capacity 4602K, committed 4864K, reserved 1056768K
  class space    used 402K, capacity 426K, committed 512K, reserved 1048576K
Event: 48.782 GC heap after
Heap after GC invocations=29 (full 0):
 PSYoungGen      total 210944K, used 1280K [0x00000000e1780000, 0x00000000fda80000, 0x0000000100000000)
  eden space 209408K, 0% used [0x00000000e1780000,0x00000000e1780000,0x00000000ee400000)
  from space 1536K, 83% used [0x00000000fd580000,0x00000000fd6c0000,0x00000000fd700000)
  to   space 3072K, 0% used [0x00000000fd780000,0x00000000fd780000,0x00000000fda80000)
 ParOldGen       total 62976K, used 8294K [0x00000000a4600000, 0x00000000a8380000, 0x00000000e1780000)
  object space 62976K, 13% used [0x00000000a4600000,0x00000000a4e19b10,0x00000000a8380000)
 Metaspace       used 3672K, capacity 4602K, committed 4864K, reserved 1056768K
  class space    used 402K, capacity 426K, committed 512K, reserved 1048576K
}
Event: 49.808 GC heap before
{Heap before GC invocations=30 (full 0):
 PSYoungGen      total 210944K, used 210688K [0x00000000e1780000, 0x00000000fda80000, 0x0000000100000000)
  eden space 209408K, 100% used [0x00000000e1780000,0x00000000ee400000,0x00000000ee400000)
  from space 1536K, 83% used [0x00000000fd580000,0x00000000fd6c0000,0x00000000fd700000)
  to   space 3072K, 0% used [0x00000000fd780000,0x00000000fd780000,0x00000000fda80000)
 ParOldGen       total 62976K, used 8294K [0x00000000a4600000, 0x00000000a8380000, 0x00000000e1780000)
  object space 62976K, 13% used [0x00000000a4600000,0x00000000a4e19b10,0x00000000a8380000)
 Metaspace       used 3672K, capacity 4602K, committed 4864K, reserved 1056768K
  class space    used 402K, capacity 426K, committed 512K, reserved 1048576K
Event: 49.812 GC heap after
Heap after GC invocations=30 (full 0):
 PSYoungGen      total 201728K, used 1312K [0x00000000e1780000, 0x00000000fd900000, 0x0000000100000000)
  eden space 200192K, 0% used [0x00000000e1780000,0x00000000e1780000,0x00000000edb00000)
  from space 1536K, 85% used [0x00000000fd780000,0x00000000fd8c8000,0x00000000fd900000)
  to   space 2560K, 0% used [0x00000000fd400000,0x00000000fd400000,0x00000000fd680000)
 ParOldGen       total 62976K, used 8302K [0x00000000a4600000, 0x00000000a8380000, 0x00000000e1780000)
  object space 62976K, 13% used [0x00000000a4600000,0x00000000a4e1bb10,0x00000000a8380000)
 Metaspace       used 3672K, capacity 4602K, committed 4864K, reserved 1056768K
  class space    used 402K, capacity 426K, committed 512K, reserved 1048576K
}

