# JRE version: Java(TM) SE Runtime Environment (8.0_121-b13) (build 1.8.0_121-b13)
# Java VM: Java HotSpot(TM) 64-Bit Server VM (25.121-b13 mixed mode linux-amd64 compressed oops)
Heap:
 PSYoungGen      total 264704K, used 232867K [0x00000000e1780000, 0x00000000fe180000, 0x0000000100000000)
  eden space 263168K, 88% used [0x00000000e1780000,0x00000000ef9a8f88,0x00000000f1880000)
  from space 1536K, 83% used [0x00000000fe000000,0x00000000fe140000,0x00000000fe180000)
  to   space 3584K, 0% used [0x00000000fda80000,0x00000000fda80000,0x00000000fde00000)
 ParOldGen       total 62976K, used 5774K [0x00000000a4600000, 0x00000000a8380000, 0x00000000e1780000)
  object space 62976K, 9% used [0x00000000a4600000,0x00000000a4ba3af0,0x00000000a8380000)
 Metaspace       used 3684K, capacity 4602K, committed 4864K, reserved 1056768K
  class space    used 402K, capacity 426K, committed 512K, reserved 1048576K
GC Heap History (10 events):
Event: 30.070 GC heap before
{Heap before GC invocations=20 (full 0):
 PSYoungGen      total 333824K, used 333472K [0x00000000e1780000, 0x00000000feb00000, 0x0000000100000000)
  eden space 332288K, 100% used [0x00000000e1780000,0x00000000f5c00000,0x00000000f5c00000)
  from space 1536K, 77% used [0x00000000fe200000,0x00000000fe328000,0x00000000fe380000)
  to   space 4608K, 0% used [0x00000000fe680000,0x00000000fe680000,0x00000000feb00000)
 ParOldGen       total 62976K, used 5718K [0x00000000a4600000, 0x00000000a8380000, 0x00000000e1780000)
  object space 62976K, 9% used [0x00000000a4600000,0x00000000a4b95af0,0x00000000a8380000)
 Metaspace       used 3684K, capacity 4602K, committed 4864K, reserved 1056768K
  class space    used 402K, capacity 426K, committed 512K, reserved 1048576K
Event: 30.077 GC heap after
Heap after GC invocations=20 (full 0):
 PSYoungGen      total 318464K, used 1184K [0x00000000e1780000, 0x00000000fe800000, 0x0000000100000000)
  eden space 316928K, 0% used [0x00000000e1780000,0x00000000e1780000,0x00000000f4d00000)
  from space 1536K, 77% used [0x00000000fe680000,0x00000000fe7a8000,0x00000000fe800000)
  to   space 4608K, 0% used [0x00000000fdf00000,0x00000000fdf00000,0x00000000fe380000)
 ParOldGen       total 62976K, used 5734K [0x00000000a4600000, 0x00000000a8380000, 0x00000000e1780000)
  object space 62976K, 9% used [0x00000000a4600000,0x00000000a4b99af0,0x00000000a8380000)
 Metaspace       used 3684K, capacity 4602K, committed 4864K, reserved 1056768K
  class space    used 402K, capacity 426K, committed 512K, reserved 1048576K
}
Event: 31.796 GC heap before
{Heap before GC invocations=21 (full 0):
 PSYoungGen      total 318464K, used 318112K [0x00000000e1780000, 0x00000000fe800000, 0x0000000100000000)
  eden space 316928K, 100% used [0x00000000e1780000,0x00000000f4d00000,0x00000000f4d00000)
  from space 1536K, 77% used [0x00000000fe680000,0x00000000fe7a8000,0x00000000fe800000)
  to   space 4608K, 0% used [0x00000000fdf00000,0x00000000fdf00000,0x00000000fe380000)
 ParOldGen       total 62976K, used 5734K [0x00000000a4600000, 0x00000000a8380000, 0x00000000e1780000)
  object space 62976K, 9% used [0x00000000a4600000,0x00000000a4b99af0,0x00000000a8380000)
 Metaspace       used 3684K, capacity 4602K, committed 4864K, reserved 1056768K
  class space    used 402K, capacity 426K, committed 512K, reserved 1048576K
Event: 31.802 GC heap after
Heap after GC invocations=21 (full 0):
 PSYoungGen      total 304128K, used 1216K [0x00000000e1780000, 0x00000000fe700000, 0x0000000100000000)
  eden space 302592K, 0% used [0x00000000e1780000,0x00000000e1780000,0x00000000f3f00000)
  from space 1536K, 79% used [0x00000000fdf00000,0x00000000fe030000,0x00000000fe080000)
  to   space 4096K, 0% used [0x00000000fe300000,0x00000000fe300000,0x00000000fe700000)
 ParOldGen       total 62976K, used 5742K [0x00000000a4600000, 0x00000000a8380000, 0x00000000e1780000)
  object space 62976K, 9% used [0x00000000a4600000,0x00000000a4b9baf0,0x00000000a8380000)
 Metaspace       used 3684K, capacity 4602K, committed 4864K, reserved 1056768K
  class space    used 402K, capacity 426K, committed 512K, reserved 1048576K
}
Event: 33.423 GC heap before
{Heap before GC invocations=22 (full 0):
 PSYoungGen      total 304128K, used 303808K [0x00000000e1780000, 0x00000000fe700000, 0x0000000100000000)
  eden space 302592K, 100% used [0x00000000e1780000,0x00000000f3f00000,0x00000000f3f00000)
  from space 1536K, 79% used [0x00000000fdf00000,0x00000000fe030000,0x00000000fe080000)
  to   space 4096K, 0% used [0x00000000fe300000,0x00000000fe300000,0x00000000fe700000)
 ParOldGen       total 62976K, used 5742K [0x00000000a4600000, 0x00000000a8380000, 0x00000000e1780000)
  object space 62976K, 9% used [0x00000000a4600000,0x00000000a4b9baf0,0x00000000a8380000)
 Metaspace       used 3684K, capacity 4602K, committed 4864K, reserved 1056768K
  class space    used 402K, capacity 426K, committed 512K, reserved 1048576K
Event: 33.430 GC heap after
Heap after GC invocations=22 (full 0):
 PSYoungGen      total 290304K, used 1280K [0x00000000e1780000, 0x00000000fe480000, 0x0000000100000000)
  eden space 288768K, 0% used [0x00000000e1780000,0x00000000e1780000,0x00000000f3180000)
  from space 1536K, 83% used [0x00000000fe300000,0x00000000fe440000,0x00000000fe480000)
  to   space 4096K, 0% used [0x00000000fdc80000,0x00000000fdc80000,0x00000000fe080000)
 ParOldGen       total 62976K, used 5758K [0x00000000a4600000, 0x00000000a8380000, 0x00000000e1780000)
  object space 62976K, 9% used [0x00000000a4600000,0x00000000a4b9faf0,0x00000000a8380000)
 Metaspace       used 3684K, capacity 4602K, committed 4864K, reserved 1056768K
  class space    used 402K, capacity 426K, committed 512K, reserved 1048576K
}
Event: 34.948 GC heap before
{Heap before GC invocations=23 (full 0):
 PSYoungGen      total 290304K, used 290048K [0x00000000e1780000, 0x00000000fe480000, 0x0000000100000000)
  eden space 288768K, 100% used [0x00000000e1780000,0x00000000f3180000,0x00000000f3180000)
  from space 1536K, 83% used [0x00000000fe300000,0x00000000fe440000,0x00000000fe480000)
  to   space 4096K, 0% used [0x00000000fdc80000,0x00000000fdc80000,0x00000000fe080000)
 ParOldGen       total 62976K, used 5758K [0x00000000a4600000, 0x00000000a8380000, 0x00000000e1780000)
  object space 62976K, 9% used [0x00000000a4600000,0x00000000a4b9faf0,0x00000000a8380000)
 Metaspace       used 3684K, capacity 4602K, committed 4864K, reserved 1056768K
  class space    used 402K, capacity 426K, committed 512K, reserved 1048576K
Event: 34.954 GC heap after
Heap after GC invocations=23 (full 0):
 PSYoungGen      total 276992K, used 1248K [0x00000000e1780000, 0x00000000fe380000, 0x0000000100000000)
  eden space 275456K, 0% used [0x00000000e1780000,0x00000000e1780000,0x00000000f2480000)
  from space 1536K, 81% used [0x00000000fdc80000,0x00000000fddb8000,0x00000000fde00000)
  to   space 3584K, 0% used [0x00000000fe000000,0x00000000fe000000,0x00000000fe380000)
 ParOldGen       total 62976K, used 5766K [0x00000000a4600000, 0x00000000a8380000, 0x00000000e1780000)
  object space 62976K, 9% used [0x00000000a4600000,0x00000000a4ba1af0,0x00000000a8380000)
 Metaspace       used 3684K, capacity 4602K, committed 4864K, reserved 1056768K
  class space    used 402K, capacity 426K, committed 512K, reserved 1048576K
}
Event: 36.414 GC heap before
{Heap before GC invocations=24 (full 0):
 PSYoungGen      total 276992K, used 276704K [0x00000000e1780000, 0x00000000fe380000, 0x0000000100000000)
  eden space 275456K, 100% used [0x00000000e1780000,0x00000000f2480000,0x00000000f2480000)
  from space 1536K, 81% used [0x00000000fdc80000,0x00000000fddb8000,0x00000000fde00000)
  to   space 3584K, 0% used [0x00000000fe000000,0x00000000fe000000,0x00000000fe380000)
 ParOldGen       total 62976K, used 5766K [0x00000000a4600000, 0x00000000a8380000, 0x00000000e1780000)
  object space 62976K, 9% used [0x00000000a4600000,0x00000000a4ba1af0,0x00000000a8380000)
 Metaspace       used 3684K, capacity 4602K, committed 4864K, reserved 1056768K
  class space    used 402K, capacity 426K, committed 512K, reserved 1048576K
Event: 36.421 GC heap after
Heap after GC invocations=24 (full 0):
 PSYoungGen      total 264704K, used 1280K [0x00000000e1780000, 0x00000000fe180000, 0x0000000100000000)
  eden space 263168K, 0% used [0x00000000e1780000,0x00000000e1780000,0x00000000f1880000)
  from space 1536K, 83% used [0x00000000fe000000,0x00000000fe140000,0x00000000fe180000)
  to   space 3584K, 0% used [0x00000000fda80000,0x00000000fda80000,0x00000000fde00000)
 ParOldGen       total 62976K, used 5774K [0x00000000a4600000, 0x00000000a8380000, 0x00000000e1780000)
  object space 62976K, 9% used [0x00000000a4600000,0x00000000a4ba3af0,0x00000000a8380000)
 Metaspace       used 3684K, capacity 4602K, committed 4864K, reserved 1056768K
  class space    used 402K, capacity 426K, committed 512K, reserved 1048576K
}

